<testsuites>
	<testsuite id="1" tests="2" failures="0" package="/Users/mholetz/opt/10_everest/actions-runner/_work/e2e-tests/e2e-tests/everest.fin.accounting/specs/items/visit_flow.spec" time="11.856" timestamp="2021-10-18T10:45:59" name="Items: page visit flow" errors="0" hostname="Matthiass-iMac.local">
		<properties></properties>
		<testcase classname="Items: page visit flow" name="From Dashboard page to Items page" time="1.760"></testcase>
		<testcase classname="Items: page visit flow" name="From Items page to a specific Item page" time="2.052"></testcase>
		<system-out></system-out>
		<system-err></system-err>
	</testsuite>
	<testsuite id="2" tests="2" failures="0" package="/Users/mholetz/opt/10_everest/actions-runner/_work/e2e-tests/e2e-tests/everest.fin.accounting/specs/journalEntries/visit_flow.spec" time="11.813" timestamp="2021-10-18T10:45:59" name="Journal Entries: page visit flow" errors="0" hostname="Matthiass-iMac.local">
		<properties></properties>
		<testcase classname="Journal Entries: page visit flow" name="From Dashboard page to Journal Entries page" time="2.294"></testcase>
		<testcase classname="Journal Entries: page visit flow" name="From Journal Entries page to a specific Journal Entry" time="2.508"></testcase>
		<system-out></system-out>
		<system-err></system-err>
	</testsuite>
	<testsuite id="3" tests="5" failures="1" package="/Users/mholetz/opt/10_everest/actions-runner/_work/e2e-tests/e2e-tests/everest.fin.accounting/specs/salesArrangements/visit_flow.spec" time="36.162" timestamp="2021-10-18T10:45:59" name="Sales Arrangements: page visit flow" errors="0" hostname="Matthiass-iMac.local">
		<properties></properties>
		<testcase classname="Sales Arrangements: page visit flow" name="From Dashboard page to Sales Arrangements page" time="2.285"></testcase>
		<testcase classname="Sales Arrangements: page visit flow" name="From Sales Arrangements page to Sale Arrangements Detail page and check Overview tab" time="6.673">
			<failure message="Check that Overview tab sections are rendered&#xA;Step Execution Failure: &#39;The &#39;Beginning Deferred Revenue&#39; row label was not rendered inside Balance Rollforward + Plan section&#39;" type="Check that Overview tab sections are rendered&#xA;Step Execution Failure: &#39;The &#39;Beginning Deferred Revenue&#39; row label was not rendered inside Balance Rollforward + Plan section&#39;">AssertionError [ERR_ASSERTION] [ERR_ASSERTION]: The &#39;Beginning Deferred Revenue&#39; row label was not rendered inside Balance Rollforward + Plan section&#xA;    at SaleArrangementDetailSteps.&lt;anonymous&gt; (/Users/mholetz/opt/10_everest/actions-runner/_work/e2e-tests/e2e-tests/everest.fin.accounting/tests/SaleArrangementDetailSteps.ts:145:42)&#xA;    at Generator.next (&lt;anonymous&gt;)&#xA;    at fulfilled (/Users/mholetz/opt/10_everest/actions-runner/_work/e2e-tests/e2e-tests/everest.fin.accounting/tests/SaleArrangementDetailSteps.ts:14:58)</failure>
		</testcase>
		<testcase classname="Sales Arrangements: page visit flow" name="From Sales Arrangements page to Sale Arrangements Detail page and check Ordered Items tab" time="6.518"></testcase>
		<testcase classname="Sales Arrangements: page visit flow" name="From Sales Arrangements page to Sale Arrangements Detail page and check Revenue tab" time="5.723"></testcase>
		<testcase classname="Sales Arrangements: page visit flow" name="From Sales Arrangements page to Sale Arrangements Detail page and check Billing tab" time="6.127"></testcase>
		<system-out></system-out>
		<system-err></system-err>
	</testsuite>
	<testsuite id="4" tests="2" failures="0" package="/Users/mholetz/opt/10_everest/actions-runner/_work/e2e-tests/e2e-tests/everest.fin.accounting/specs/businessPartner/visit_flow.spec" time="12.681" timestamp="2021-10-18T10:45:59" name="Business Partner: page visit flow" errors="0" hostname="Matthiass-iMac.local">
		<properties></properties>
		<testcase classname="Business Partner: page visit flow" name="From Dashboard page to Business Partners page" time="2.517"></testcase>
		<testcase classname="Business Partner: page visit flow" name="From Business Partners page to a specific Business Partner" time="2.401"></testcase>
		<system-out></system-out>
		<system-err></system-err>
	</testsuite>
	<testsuite id="5" tests="2" failures="0" package="/Users/mholetz/opt/10_everest/actions-runner/_work/e2e-tests/e2e-tests/everest.fin.accounting/specs/invoices/visit_flow.spec" time="13.625" timestamp="2021-10-18T10:45:59" name="Invoices: page visit flow" errors="0" hostname="Matthiass-iMac.local">
		<properties></properties>
		<testcase classname="Invoices: page visit flow" name="From Dashboard page to Invoices page" time="2.639"></testcase>
		<testcase classname="Invoices: page visit flow" name="From Invoices page to a specific Invoice page" time="3.001"></testcase>
		<system-out></system-out>
		<system-err></system-err>
	</testsuite>
</testsuites>